make.exe all -f d:\Server-MQTT\Makefile --print-data-base --no-builtin-variables --no-builtin-rules --question
# GNU Make 4.3
# Built for Windows32
# Copyright (C) 1988-2020 Free Software Foundation, Inc.
# License GPLv3+: GNU GPL version 3 or later <http://gnu.org/licenses/gpl.html>
# This is free software: you are free to change and redistribute it.
# There is NO WARRANTY, to the extent permitted by law.
 

# Make data base, printed on Wed Mar 23 13:14:12 2022

# Variables

# environment
FPS_BROWSER_APP_PROFILE_STRING = Internet Explorer
# environment
SYSTEMDRIVE = C:
# environment
LC_ALL = C
# environment
ALLURE_HOME = C:\Users\minhd\scoop\apps\allure\current
# environment
USERPROFILE = C:\Users\minhd
# environment
LOCALAPPDATA = C:\Users\minhd\AppData\Local
# environment
VSCODE_IPC_HOOK_EXTHOST = \\.\pipe\vscode-ipc-3703f012-288d-4e7e-b3cb-6a999fb8acd6-sock
# environment
VSCODE_CWD = D:\Server-MQTT
# environment
CHOCOLATEYINSTALL = C:\ProgramData\chocolatey
# environment
SYSTEMROOT = C:\Windows
# environment
PROCESSOR_LEVEL = 23
# environment
PSMODULEPATH = C:\Program Files\WindowsPowerShell\Modules;C:\Windows\system32\WindowsPowerShell\v1.0\Modules
# default
MAKE_COMMAND := C:/ProgramData/chocolatey/lib/make/tools/install/bin/make.exe
# automatic
@D = $(patsubst %/,%,$(patsubst %\,%,$(dir $@)))
# environment
CHROME_CRASHPAD_PIPE_NAME = \\.\pipe\crashpad_12680_HPXKVDGYAHDVWECK
# environment
ONEDRIVECOMMERCIAL = C:\Users\minhd\OneDrive - TUNI.fi
# environment
FPS_BROWSER_USER_PROFILE_STRING = Default
# environment
VK_SDK_PATH = C:\VulkanSDK\1.2.198.1
# default
.VARIABLES := 
# environment
VSCODE_HANDLES_UNCAUGHT_ERRORS = true
# automatic
%D = $(patsubst %/,%,$(patsubst %\,%,$(dir $%)))
# automatic
^D = $(patsubst %/,%,$(patsubst %\,%,$(dir $^)))
# environment
VSCODE_LOG_STACK = false
# automatic
%F = $(notdir $%)
# environment
VSCODE_CODE_CACHE_PATH = C:\Users\minhd\AppData\Roaming\Code\CachedData\c722ca6c7eed3d7987c0d5c3df5c45f6b15e77d1
# environment
LANG = C
# default
.LOADED := 
# environment
TMP = C:\Users\minhd\AppData\Local\Temp
# default
.INCLUDE_DIRS = .
# environment
PROCESSOR_ARCHITEW6432 = AMD64
# makefile
MAKEFLAGS = pqrR
# environment
ONEDRIVE = C:\Users\minhd\OneDrive - TUNI.fi
# makefile
CURDIR := d:/Server-MQTT
# environment
VSCODE_PIPE_LOGGING = true
# environment
APPLICATION_INSIGHTS_NO_DIAGNOSTIC_CHANNEL = true
# automatic
*D = $(patsubst %/,%,$(patsubst %\,%,$(dir $*)))
# environment
PROGRAMFILES = C:\Program Files (x86)
# environment
MFLAGS = -pqrR
# default
.SHELLFLAGS := -c
# environment
COMMONPROGRAMW6432 = C:\Program Files\Common Files
# automatic
+D = $(patsubst %/,%,$(patsubst %\,%,$(dir $+)))
# makefile (from 'd:\Server-MQTT\Makefile', line 1)
MAKEFILE_LIST := d:\Server-MQTT\Makefile
# automatic
@F = $(notdir $@)
# environment
PT8HOME = C:\Program Files\Cisco Packet Tracer 8.1.0
# environment
VSCODE_VERBOSE_LOGGING = true
# environment
VSCODE_PID = 12680
# automatic
?D = $(patsubst %/,%,$(patsubst %\,%,$(dir $?)))
# automatic
*F = $(notdir $*)
# automatic
<D = $(patsubst %/,%,$(patsubst %\,%,$(dir $<)))
# environment
VSCODE_NLS_CONFIG = {"locale":"en-gb","availableLanguages":{},"_languagePackSupport":true}
# environment
ONEDRIVECONSUMER = C:\Users\minhd\OneDrive
# default
MAKE_HOST := Windows32
# environment
PROGRAMDATA = C:\ProgramData
# default
SHELL := sh.exe
# environment
HOMEPATH = \Users\minhd
# environment
PLATFORMIO_CALLER = vscode
# default
MAKECMDGOALS := all
# environment
DRIVERDATA = C:\Windows\System32\Drivers\DriverData
# environment
COMSPEC = C:\Windows\system32\cmd.exe
# environment
WINDIR = C:\Windows
# environment
MAKELEVEL := 0
# default
MAKE = $(MAKE_COMMAND)
# environment
MOSQUITTO_DIR = C:\Program Files\mosquitto
# environment
PATH = C:\Program Files (x86)\Common Files\Oracle\Java\javapath;C:\Users\minhd\AppData\Local\Programs\Python\Python310\Scripts\;C:\Users\minhd\AppData\Local\Programs\Python\Python310\;C:\VulkanSDK\1.2.198.1\Bin;C:\Program Files (x86)\VMware\VMware Workstation\bin\;C:\bin;C:\Windows\system32;C:\Windows;C:\Windows\System32\Wbem;C:\Windows\System32\WindowsPowerShell\v1.0\;C:\Windows\System32\OpenSSH\;C:\Program Files (x86)\NVIDIA Corporation\PhysX\Common;C:\Program Files\NVIDIA Corporation\NVIDIA NvDLISR;C:\Program Files\Docker\Docker\resources\bin;C:\ProgramData\DockerDesktop\version-bin;C:\Program Files\dotnet\;C:\ProgramData\chocolatey\bin;C:\Program Files\Meson\;C:\Program Files\Git\cmd;C:\Program Files\nodejs\;C:\Users\minhd\scoop\shims;C:\Users\minhd\AppData\Local\Microsoft\WindowsApps;C:\Users\minhd\AppData\Local\Programs\Microsoft VS Code\bin;C:\Program Files (x86)\mingw-w64\i686-8.1.0-posix-dwarf-rt_v6-rev0\mingw32\bin;D:\Vulkan Learn\glfw\lib-mingw-w64;D:\Vulkan Learn\glm\glm;D:\Vulkan Learn\glfw\include;C:\Users\minhd\AppData\Roaming\Python\Python310\Scripts;C:\Program Files\Google\Chrome\Application\chrome.exe;C:\Users\minhd\AppData\Roaming\npm;C:\Program Files (x86)\Java\jre1.8.0_321;C:\bin;C:\Program Files\mosquitto;
# environment
COMPUTERNAME = STEVELAPTOP
# default
MAKEFILES := 
# automatic
^F = $(notdir $^)
# environment
PROMPT = $P$G
# environment
CHOCOLATEYLASTPATHUPDATE = 132862920899003373
# environment
LOGONSERVER = \\STEVELAPTOP
# environment
VSCODE_LOG_NATIVE = false
# environment
USERNAME = minhd
# environment
COMMONPROGRAMFILES = C:\Program Files (x86)\Common Files
# automatic
?F = $(notdir $?)
# environment
PROGRAMW6432 = C:\Program Files
# environment
NO_PROXY = 127.0.0.1
# environment
PATHEXT = .COM;.EXE;.BAT;.CMD;.VBS;.VBE;.JS;.JSE;.WSF;.WSH;.MSC;.PY;.PYW
# automatic
+F = $(notdir $+)
# environment
ORIGINAL_XDG_CURRENT_DESKTOP = undefined
# environment
USERDOMAIN = STEVELAPTOP
# 'override' directive
GNUMAKEFLAGS := 
# environment
OS = Windows_NT
# environment
PLATFORMIO_PATH = C:\Users\minhd\.platformio\penv\Scripts;C:\Users\minhd\.platformio\penv;C:\Users\minhd\.platformio\python3;C:\Program Files (x86)\Common Files\Oracle\Java\javapath;C:\Users\minhd\AppData\Local\Programs\Python\Python310\Scripts\;C:\Users\minhd\AppData\Local\Programs\Python\Python310\;C:\VulkanSDK\1.2.198.1\Bin;C:\Program Files (x86)\VMware\VMware Workstation\bin\;C:\bin;C:\Windows\system32;C:\Windows;C:\Windows\System32\Wbem;C:\Windows\System32\WindowsPowerShell\v1.0\;C:\Windows\System32\OpenSSH\;C:\Program Files (x86)\NVIDIA Corporation\PhysX\Common;C:\Program Files\NVIDIA Corporation\NVIDIA NvDLISR;C:\Program Files\Docker\Docker\resources\bin;C:\ProgramData\DockerDesktop\version-bin;C:\Program Files\dotnet\;C:\ProgramData\chocolatey\bin;C:\Program Files\Meson\;C:\Program Files\Git\cmd;C:\Program Files\nodejs\;C:\Users\minhd\scoop\shims;C:\Users\minhd\AppData\Local\Microsoft\WindowsApps;C:\Users\minhd\AppData\Local\Programs\Microsoft VS Code\bin;C:\Program Files (x86)\mingw-w64\i686-8.1.0-posix-dwarf-rt_v6-rev0\mingw32\bin;D:\Vulkan Learn\glfw\lib-mingw-w64;D:\Vulkan Learn\glm\glm;D:\Vulkan Learn\glfw\include;C:\Users\minhd\AppData\Roaming\Python\Python310\Scripts;C:\Program Files\Google\Chrome\Application\chrome.exe;C:\Users\minhd\AppData\Roaming\npm;C:\Program Files (x86)\Java\jre1.8.0_321;C:\bin;C:\Program Files\mosquitto;;C:\Program Files (x86)\Common Files\Oracle\Java\javapath;C:\Users\minhd\AppData\Local\Programs\Python\Python310\Scripts\;C:\Users\minhd\AppData\Local\Programs\Python\Python310\;C:\VulkanSDK\1.2.198.1\Bin;C:\Program Files (x86)\VMware\VMware Workstation\bin\;C:\bin;C:\Windows\system32;C:\Windows;C:\Windows\System32\Wbem;C:\Windows\System32\WindowsPowerShell\v1.0\;C:\Windows\System32\OpenSSH\;C:\Program Files (x86)\NVIDIA Corporation\PhysX\Common;C:\Program Files\NVIDIA Corporation\NVIDIA NvDLISR;C:\Program Files\Docker\Docker\resources\bin;C:\ProgramData\DockerDesktop\version-bin;C:\Program Files\dotnet\;C:\ProgramData\chocolatey\bin;C:\Program Files\Meson\;C:\Program Files\Git\cmd;C:\Program Files\nodejs\;C:\Users\minhd\scoop\shims;C:\Users\minhd\AppData\Local\Microsoft\WindowsApps;C:\Users\minhd\AppData\Local\Programs\Microsoft VS Code\bin;C:\Program Files (x86)\mingw-w64\i686-8.1.0-posix-dwarf-rt_v6-rev0\mingw32\bin;D:\Vulkan Learn\glfw\lib-mingw-w64;D:\Vulkan Learn\glm\glm;D:\Vulkan Learn\glfw\include;C:\Users\minhd\AppData\Roaming\Python\Python310\Scripts;C:\Program Files\Google\Chrome\Application\chrome.exe;C:\Users\minhd\AppData\Roaming\npm;C:\Program Files (x86)\Java\jre1.8.0_321;C:\bin;C:\Program Files\mosquitto;
# environment
AMDRMSDKPATH = C:\Program Files\AMD\RyzenMasterSDK\
# makefile
.DEFAULT_GOAL := all
# default
MAKE_VERSION := 4.3
# environment
PROGRAMFILES(X86) = C:\Program Files (x86)
# environment
USERDOMAIN_ROAMINGPROFILE = STEVELAPTOP
# environment
NUMBER_OF_PROCESSORS = 12
# environment
PUBLIC = C:\Users\Public
# environment
ASL.LOG = Destination=file
# environment
APPDATA = C:\Users\minhd\AppData\Roaming
# environment
HOMEDRIVE = C:
# environment
VULKAN_SDK = C:\VulkanSDK\1.2.198.1
# environment
PROCESSOR_ARCHITECTURE = x86
# environment
VSCODE_AMD_ENTRYPOINT = vs/workbench/api/node/extensionHostProcess
# environment
PLATFORMIO_IDE = 2.4.3
# environment
COMMONPROGRAMFILES(X86) = C:\Program Files (x86)\Common Files
# environment
ELECTRON_RUN_AS_NODE = 1
# environment
TEMP = C:\Users\minhd\AppData\Local\Temp
# environment
VSCODE_IPC_HOOK = \\.\pipe\bc808fea00cb826b16aac35e40f0af4e-1.65.2-main-sock
# default
.RECIPEPREFIX := 
# automatic
<F = $(notdir $<)
# default
SUFFIXES := 
# environment
ALLUSERSPROFILE = C:\ProgramData
# environment
SESSIONNAME = Console
# default
.FEATURES := target-specific order-only second-expansion else-if shortest-stem undefine oneshell nocomment grouped-target extra-prereqs archives jobserver output-sync load
# environment
PROCESSOR_REVISION = 6001
# environment
PROCESSOR_IDENTIFIER = AMD64 Family 23 Model 96 Stepping 1, AuthenticAMD
# variable set hash-table stats:
# Load=109/1024=11%, Rehash=0, Collisions=18/139=13%

# Pattern-specific Variable Values

# No pattern-specific variable values.

# Directories


# No files, no impossibilities in 0 directories.

# Implicit Rules

# No implicit rules.

# Files

# Not a target:
d:\Server-MQTT\Makefile:
#  Implicit rule search has been done.
#  Last modified 2 
022-03-23 13:13:43
#  File has been updated.
#  Successfully updated.

# Not a target:
.DEFAULT:
#  Implicit rule search has not been done.
#  Modification time never checked.
#  File has not been updated.

all:
#  Command line target.
#  Implicit rule search has not been done.
#  Implicit/static pattern stem: ''
#  File does not exist.
#  File has been updated.
#  Needs to be updated (-q is set).
# automatic
# @ := all
# automatic
# * := 
# automatic
# < := 
# automatic
# + := 
# automatic
# % := 
# automatic
# ^ := 
# automatic
# ? := 
# automatic
# | := 
# variable set hash-table stats:
# Load=8/32=25%, Rehash=0, Collisions=1/11=9%
#  recipe to execute (from 'd:\Server-MQTT\Makefile', line 2):
	g++ main.cpp mqtt_receiv.cpp -std=c++0x -pthread -lmosquitto -lmosquittopp -ljsoncpp -o go1

run:
#  Implicit rule search has not been done.
#  Modification time never checked.
#  File has not been updated.
#  recipe to execute (from 'd:\Server-MQTT\Makefile', line 5):
	./go1

# Not a target:
.SUFFIXES:
#  Implicit rule search has not been done.
#  Modification time never checked.
#  File has not been updated.

# files hash-table stats:
# Load=5/1024=0%, Rehash=0, Collisions=0/17=0%
# VPATH Search Paths

# No 'vpath' search paths.

# No general ('VPATH' variable) search path.

# strcache buffers: 1 (0) / strings = 6 / storage = 53 B / avg = 8 B
# current buf: size = 8174 B / used = 53 B / count = 6 / avg = 8 B

# strcache performance: lookups = 12 / hit rate = 50%
# hash-table stats:
# Load=6/8192=0%, Rehash=0, Collisions=0/12=0%
# Finished Make data base on Wed Mar 23 13:14:12 2022

 
